[debug] [2022-07-28T09:45:34.643Z] ----------------------------------------------------------------------
[debug] [2022-07-28T09:45:34.647Z] Command:       C:\Program Files\nodejs\node.exe C:\Users\HP\AppData\Roaming\npm\node_modules\firebase-tools\lib\bin\firebase.js apps:create android mobyte_chto_to (android) --package-name=y --json --project=mobyte-83e0d
[debug] [2022-07-28T09:45:34.648Z] CLI Version:   11.4.0
[debug] [2022-07-28T09:45:34.649Z] Platform:      win32
[debug] [2022-07-28T09:45:34.649Z] Node Version:  v16.16.0
[debug] [2022-07-28T09:45:34.651Z] Time:          Thu Jul 28 2022 12:45:34 GMT+0300 (Москва, стандартное время)
[debug] [2022-07-28T09:45:34.652Z] ----------------------------------------------------------------------
[debug] 
[debug] [2022-07-28T09:45:34.667Z] > command requires scopes: ["email","openid","https://www.googleapis.com/auth/cloudplatformprojects.readonly","https://www.googleapis.com/auth/firebase","https://www.googleapis.com/auth/cloud-platform"]
[debug] [2022-07-28T09:45:34.669Z] > authorizing via signed-in user (pavlik2338@gmail.com)
[info] Create your ANDROID app in project mobyte-83e0d:
[debug] [2022-07-28T09:45:34.680Z] >>> [apiv2][query] POST https://firebase.googleapis.com/v1beta1/projects/mobyte-83e0d/androidApps [none]
[debug] [2022-07-28T09:45:34.681Z] >>> [apiv2][body] POST https://firebase.googleapis.com/v1beta1/projects/mobyte-83e0d/androidApps {"displayName":"mobyte_chto_to (android)","packageName":"y"}
[debug] [2022-07-28T09:45:35.039Z] <<< [apiv2][status] POST https://firebase.googleapis.com/v1beta1/projects/mobyte-83e0d/androidApps 400
[debug] [2022-07-28T09:45:35.039Z] <<< [apiv2][body] POST https://firebase.googleapis.com/v1beta1/projects/mobyte-83e0d/androidApps {"error":{"code":400,"message":"Request contains an invalid argument.","status":"INVALID_ARGUMENT"}}
[debug] [2022-07-28T09:45:35.041Z] HTTP Error: 400, Request contains an invalid argument.
[debug] [2022-07-28T09:45:35.170Z] FirebaseError: HTTP Error: 400, Request contains an invalid argument.
    at responseToError (C:\Users\HP\AppData\Roaming\npm\node_modules\firebase-tools\lib\responseToError.js:49:12)
    at RetryOperation._fn (C:\Users\HP\AppData\Roaming\npm\node_modules\firebase-tools\lib\apiv2.js:288:77)
    at processTicksAndRejections (node:internal/process/task_queues:96:5)
[error] 
[error] Error: Failed to create Android app for project mobyte-83e0d. See firebase-debug.log for more info.
